<?xml version="1.0" encoding="UTF-8"?>
<!-- Generated by org.testng.reporters.JUnitReportReporter -->
<testsuite hostname="DESKTOP-T6DRP6P" failures="0" tests="1" name="ITC_Nov23.ITC_Nov23.ExtentReportEx" time="7.859" errors="0" timestamp="2023-11-09T12:52:14 IST" skipped="0">
  <testcase classname="ITC_Nov23.ITC_Nov23.ExtentReportEx" name="verifyHomePageTitle" time="7.859"/>
</testsuite> <!-- ITC_Nov23.ITC_Nov23.ExtentReportEx -->
