<?xml version="1.0" encoding="UTF-8"?>
<!-- Generated by org.testng.reporters.JUnitReportReporter -->
<testsuite hostname="DESKTOP-T6DRP6P" failures="0" tests="1" name="ITC_Nov23.ITC_Nov23.PropertiesDemo" time="0.011" errors="0" timestamp="2023-11-07T09:51:27 IST" skipped="0">
  <testcase classname="ITC_Nov23.ITC_Nov23.PropertiesDemo" name="f" time="0.011"/>
</testsuite> <!-- ITC_Nov23.ITC_Nov23.PropertiesDemo -->
