<?xml version="1.0" encoding="UTF-8"?>
<!-- Generated by org.testng.reporters.JUnitReportReporter -->
<testsuite hostname="DESKTOP-T6DRP6P" failures="0" tests="1" name="ITC_Nov23.ITC_Nov23.RestAssuredDeleteExample" time="2.958" errors="0" timestamp="2023-11-08T10:35:59 IST" skipped="0">
  <testcase classname="ITC_Nov23.ITC_Nov23.RestAssuredDeleteExample" name="RestAssuredDelete" time="2.958"/>
</testsuite> <!-- ITC_Nov23.ITC_Nov23.RestAssuredDeleteExample -->
