<?xml version="1.0" encoding="UTF-8"?>
<!-- Generated by org.testng.reporters.JUnitReportReporter -->
<testsuite hostname="DESKTOP-T6DRP6P" failures="0" tests="1" name="ITC_Nov23.ITC_Nov23.TestNGDemo2" time="0.000" errors="0" timestamp="2023-11-06T14:30:48 IST" skipped="0">
  <testcase classname="ITC_Nov23.ITC_Nov23.TestNGDemo2" name="f" time="0.000"/>
</testsuite> <!-- ITC_Nov23.ITC_Nov23.TestNGDemo2 -->
