<?xml version="1.0" encoding="UTF-8"?>
<!-- Generated by org.testng.reporters.JUnitReportReporter -->
<testsuite hostname="DESKTOP-T6DRP6P" failures="0" tests="1" name="ITC_Nov23.ITC_Nov23.GoogleExtentDemo" time="20.664" errors="0" timestamp="2023-11-09T09:55:27 IST" skipped="0">
  <testcase classname="ITC_Nov23.ITC_Nov23.GoogleExtentDemo" name="testGoogleSearch" time="20.664"/>
</testsuite> <!-- ITC_Nov23.ITC_Nov23.GoogleExtentDemo -->
