<?xml version="1.0" encoding="UTF-8"?>
<!-- Generated by org.testng.reporters.JUnitReportReporter -->
<testsuite hostname="DESKTOP-T6DRP6P" failures="0" tests="1" name="ITC_Nov23.ITC_Nov23.MultipleWindowsDemo" time="17.769" errors="0" timestamp="2023-11-07T09:39:40 IST" skipped="0">
  <testcase classname="ITC_Nov23.ITC_Nov23.MultipleWindowsDemo" name="window_TC01" time="17.769"/>
</testsuite> <!-- ITC_Nov23.ITC_Nov23.MultipleWindowsDemo -->
