<?xml version="1.0" encoding="UTF-8"?>
<!-- Generated by org.testng.reporters.JUnitReportReporter -->
<testsuite hostname="DESKTOP-T6DRP6P" failures="0" tests="1" name="ITC_Nov23.ITC_Nov23.TestNGDemo" time="39.693" errors="0" timestamp="2023-11-06T15:02:41 IST" skipped="0">
  <testcase classname="ITC_Nov23.ITC_Nov23.TestNGDemo" name="practicePage" time="39.693"/>
</testsuite> <!-- ITC_Nov23.ITC_Nov23.TestNGDemo -->
