<?xml version="1.0" encoding="UTF-8"?>
<!-- Generated by org.testng.reporters.JUnitReportReporter -->
<testsuite hostname="DESKTOP-T6DRP6P" failures="0" tests="2" name="Guruschools13_maven.Guruschools13_maven.AsertDemo2" time="0.019" errors="0" timestamp="2023-11-03T09:31:01 IST" skipped="0">
  <testcase classname="Guruschools13_maven.Guruschools13_maven.AsertDemo2" name="validateNo2" time="0.002"/>
  <testcase classname="Guruschools13_maven.Guruschools13_maven.AsertDemo2" name="validateNo" time="0.017"/>
</testsuite> <!-- Guruschools13_maven.Guruschools13_maven.AsertDemo2 -->
