<?xml version="1.0" encoding="UTF-8"?>
<!-- Generated by org.testng.reporters.JUnitReportReporter -->
<testsuite hostname="DESKTOP-T6DRP6P" failures="0" tests="3" name="RediffTestCases.AssertEquals" time="8.977" errors="0" timestamp="2023-11-10T15:21:38 IST" skipped="0">
  <testcase classname="RediffTestCases.AssertEquals" name="googleTitle" time="8.959"/>
  <testcase classname="RediffTestCases.AssertEquals" name="validate" time="0.006"/>
  <testcase classname="RediffTestCases.AssertEquals" name="validate1" time="0.012"/>
</testsuite> <!-- RediffTestCases.AssertEquals -->
