<?xml version="1.0" encoding="UTF-8"?>
<!-- Generated by org.testng.reporters.JUnitReportReporter -->
<testsuite hostname="DESKTOP-T6DRP6P" failures="0" tests="1" name="RediffTestCases.RediffLoginTC1" time="6.817" errors="0" timestamp="2023-10-17T08:01:43 IST" skipped="0">
  <testcase classname="RediffTestCases.RediffLoginTC1" name="rediffLogin" time="6.817"/>
</testsuite> <!-- RediffTestCases.RediffLoginTC1 -->
