<?xml version="1.0" encoding="UTF-8"?>
<!-- Generated by org.testng.reporters.JUnitReportReporter -->
<testsuite hostname="DESKTOP-T6DRP6P" failures="0" tests="1" name="Guruschools13_maven.Guruschools13_maven.ExcelDemo" time="1.246" errors="0" timestamp="2023-11-07T10:35:57 IST" skipped="0">
  <testcase classname="Guruschools13_maven.Guruschools13_maven.ExcelDemo" name="readData" time="1.246"/>
</testsuite> <!-- Guruschools13_maven.Guruschools13_maven.ExcelDemo -->
